Arguments: 
  /Users/fujita-takayoshi/.nvm/versions/node/v16.8.0/bin/node /usr/local/Cellar/yarn/1.22.18/libexec/bin/yarn.js add @ts-expect-error

PATH: 
  /Users/fujita-takayoshi/.nvm/versions/node/v16.8.0/bin:/Users/fujita-takayoshi/.nvm/versions/node/v16.8.0/bin:/usr/local/opt/openssl@1.0/bin:/Users/fujita-takayoshi/.rbenv/shims:/Users/fujita-takayoshi/.rbenv/bin:/usr/local/bin:/usr/bin:/bin:/usr/sbin:/sbin:/Library/Apple/usr/bin:/Users/fujita-takayoshi/.nvm/versions/node/v16.8.0/bin:/usr/local/opt/openssl@1.0/bin:/Users/fujita-takayoshi/.rbenv/shims:/Users/fujita-takayoshi/.rbenv/bin:/Users/fujita-takayoshi/flutter/bin:/Users/fujita-takayoshi/.pub-cache/bin:/Users/fujita-takayoshi/flutter/bin:/Users/fujita-takayoshi/.pub-cache/bin

Yarn version: 
  1.22.18

Node version: 
  16.8.0

Platform: 
  darwin x64

Trace: 
  Error: https://registry.yarnpkg.com/@ts-expect-error: Request "https://registry.yarnpkg.com/@ts-expect-error" returned a 405
      at Request.params.callback [as _callback] (/usr/local/Cellar/yarn/1.22.18/libexec/lib/cli.js:66147:18)
      at Request.self.callback (/usr/local/Cellar/yarn/1.22.18/libexec/lib/cli.js:140883:22)
      at Request.emit (node:events:394:28)
      at Request.<anonymous> (/usr/local/Cellar/yarn/1.22.18/libexec/lib/cli.js:141855:10)
      at Request.emit (node:events:394:28)
      at IncomingMessage.<anonymous> (/usr/local/Cellar/yarn/1.22.18/libexec/lib/cli.js:141777:12)
      at Object.onceWrapper (node:events:513:28)
      at IncomingMessage.emit (node:events:406:35)
      at endReadableNT (node:internal/streams/readable:1343:12)
      at processTicksAndRejections (node:internal/process/task_queues:83:21)

npm manifest: 
  {
    "dependencies": {
      "@type-challenges/utils": "^0.1.1",
      "typescript": "^4.9.5"
    }
  }

yarn manifest: 
  No manifest

Lockfile: 
  # THIS IS AN AUTOGENERATED FILE. DO NOT EDIT THIS FILE DIRECTLY.
  # yarn lockfile v1
  
  
  "@type-challenges/utils@^0.1.1":
    version "0.1.1"
    resolved "https://registry.yarnpkg.com/@type-challenges/utils/-/utils-0.1.1.tgz#18ce289fb84caf1c13eee211226dbf2bc6195ed3"
    integrity sha512-A7ljYfBM+FLw+NDyuYvGBJiCEV9c0lPWEAdzfOAkb3JFqfLl0Iv/WhWMMARHiRKlmmiD1g8gz/507yVvHdQUYA==
  
  typescript@^4.9.5:
    version "4.9.5"
    resolved "https://registry.yarnpkg.com/typescript/-/typescript-4.9.5.tgz#095979f9bcc0d09da324d58d03ce8f8374cbe65a"
    integrity sha512-1FXk9E2Hm+QzZQ7z+McJiHL4NW1F2EzMu9Nq9i3zAaGqibafqYwCVU6WyWAuyQRRzOlxou8xZSyXLEN8oKj24g==
